<?xml version="1.0" encoding="UTF-8"?>
<!-- Generated by org.testng.reporters.JUnitReportReporter -->
<testsuite hostname="Karthiks-MacBook-Pro.local" failures="0" tests="1" name="LoginTest" time="6.943" errors="0" timestamp="2020-11-10T09:01:55 GMT" skipped="0">
  <testcase classname="LoginTest" name="testLoginWithValidCredentials" time="6.943"/>
  <system-out/>
</testsuite> <!-- LoginTest -->
