<?xml version="1.0" encoding="UTF-8"?>
<!-- Generated by org.testng.reporters.JUnitReportReporter -->
<testsuite hostname="Karthiks-MacBook-Pro.local" failures="0" tests="1" name="com.autopractice.tests.RegistrationTest" time="9.836" errors="0" timestamp="2020-11-13T09:18:38 GMT" skipped="0">
  <testcase classname="com.autopractice.tests.RegistrationTest" name="testRegistration" time="9.836"/>
  <system-out/>
</testsuite> <!-- com.autopractice.tests.RegistrationTest -->
